2021-03-02T11:35:01 1614684901 0
2021-03-02T11:40:01 1614685201 0
2021-03-02T11:45:02 1614685502 0
2021-03-02T11:50:01 1614685801 0
2021-03-02T11:55:02 1614686102 0
2021-03-02T12:00:01 1614686401 0
2021-03-02T12:05:01 1614686701 0
2021-03-02T12:10:01 1614687001 0
2021-03-02T12:15:01 1614687301 0
2021-03-02T12:20:01 1614687601 0
2021-03-02T12:25:02 1614687902 0
2021-03-02T12:30:02 1614688202 0
2021-03-02T12:35:02 1614688502 0
2021-03-02T12:40:02 1614688802 0
2021-03-02T12:45:01 1614689101 0
2021-03-02T12:50:01 1614689401 0
2021-03-02T12:55:01 1614689701 0
2021-03-02T13:00:01 1614690001 0
2021-03-02T13:05:01 1614690301 0
2021-03-02T13:10:01 1614690601 0
2021-03-02T13:15:01 1614690901 0
2021-03-02T13:20:02 1614691202 0
2021-03-02T13:25:02 1614691502 0
2021-03-02T13:30:01 1614691801 0
2021-03-02T13:35:01 1614692101 0
2021-03-02T13:40:02 1614692402 0
2021-03-02T13:45:01 1614692701 0
2021-03-02T13:50:02 1614693002 0
2021-03-02T13:55:02 1614693302 0
2021-03-02T14:00:01 1614693601 0
2021-03-02T14:05:01 1614693901 0
2021-03-02T14:10:01 1614694201 0
2021-03-02T14:15:01 1614694501 0
2021-03-02T14:20:01 1614694801 0
2021-03-02T14:25:01 1614695101 0
2021-03-02T14:30:01 1614695401 0
2021-03-02T14:35:01 1614695701 0
2021-03-02T14:40:01 1614696001 0
2021-03-02T14:45:01 1614696301 0
2021-03-02T14:50:02 1614696602 0
2021-03-02T14:55:01 1614696901 0
2021-03-02T15:00:01 1614697201 0
2021-03-02T15:05:01 1614697501 0
2021-03-02T15:10:01 1614697801 0
2021-03-02T15:15:01 1614698101 0
2021-03-02T15:20:01 1614698401 0
2021-03-02T15:25:01 1614698701 0
2021-03-02T15:30:01 1614699001 0
2021-03-02T15:35:01 1614699301 0
2021-03-02T15:40:02 1614699602 0
2021-03-02T15:45:01 1614699901 0
2021-03-02T15:50:01 1614700201 0
2021-03-02T15:55:01 1614700501 0
2021-03-02T16:00:01 1614700801 0
2021-03-02T16:05:02 1614701102 0
2021-03-02T16:10:01 1614701401 0
2021-03-02T16:15:02 1614701702 0
2021-03-02T16:20:01 1614702001 0
2021-03-02T16:25:02 1614702302 0
2021-03-02T16:30:01 1614702601 0
2021-03-02T16:35:01 1614702901 0
2021-03-02T16:40:01 1614703201 0
2021-03-02T16:45:01 1614703501 0
2021-03-02T16:50:01 1614703801 0
2021-03-02T16:55:02 1614704102 0
2021-03-02T17:00:01 1614704401 0
2021-03-02T17:05:02 1614704702 0
2021-03-02T17:10:01 1614705001 0
2021-03-02T17:15:02 1614705302 0
2021-03-02T17:20:02 1614705602 0
2021-03-02T17:25:01 1614705901 0
2021-03-02T17:30:01 1614706201 0
2021-03-02T17:35:02 1614706502 0
2021-03-02T17:40:01 1614706801 0
2021-03-02T17:45:02 1614707102 0
2021-03-02T17:50:02 1614707402 0
2021-03-02T17:55:01 1614707701 0
2021-03-02T18:00:02 1614708002 0
2021-03-02T18:05:01 1614708301 0
2021-03-02T18:10:01 1614708601 0
2021-03-02T18:15:01 1614708901 0
2021-03-02T18:20:01 1614709201 0
2021-03-02T18:25:01 1614709501 0
2021-03-02T18:30:01 1614709801 0
2021-03-02T18:35:01 1614710101 0
2021-03-02T18:40:01 1614710401 0
2021-03-02T18:45:01 1614710701 0
2021-03-02T18:50:01 1614711001 0
2021-03-02T18:55:02 1614711302 0
2021-03-02T19:00:01 1614711601 0
2021-03-02T19:05:01 1614711901 0
2021-03-02T19:10:01 1614712201 0
2021-03-02T19:15:02 1614712502 0
2021-03-02T19:20:01 1614712801 0
2021-03-02T19:25:02 1614713102 0
2021-03-02T19:30:02 1614713402 0
2021-03-02T19:35:01 1614713701 0
2021-03-02T19:40:02 1614714002 0
2021-03-02T19:45:01 1614714301 0
2021-03-02T19:50:02 1614714602 0
2021-03-02T19:55:01 1614714901 0
2021-03-02T20:00:01 1614715201 0
2021-03-02T20:05:02 1614715502 0
2021-03-02T20:10:01 1614715801 0
2021-03-02T20:15:02 1614716102 0
2021-03-02T20:20:01 1614716401 0
2021-03-02T20:25:01 1614716701 0
2021-03-02T20:30:01 1614717001 0
2021-03-02T20:35:02 1614717302 0
2021-03-02T20:40:01 1614717601 0
2021-03-02T20:45:01 1614717901 0
2021-03-02T20:50:01 1614718201 0
2021-03-02T20:55:01 1614718501 0
2021-03-02T21:00:01 1614718801 0
2021-03-02T21:05:02 1614719101 0
2021-03-02T21:10:01 1614719401 0
2021-03-02T21:15:01 1614719701 0
2021-03-02T21:20:01 1614720001 0
2021-03-02T21:25:01 1614720301 0
2021-03-02T21:30:01 1614720601 0
2021-03-02T21:35:01 1614720901 0
2021-03-02T21:40:02 1614721202 0
2021-03-02T21:45:01 1614721501 0
2021-03-02T21:50:02 1614721802 0
2021-03-02T21:55:01 1614722101 0
2021-03-02T22:00:01 1614722401 0
2021-03-02T22:05:01 1614722701 0
2021-03-02T22:10:01 1614723001 0
2021-03-02T22:15:01 1614723301 0
2021-03-02T22:20:01 1614723601 0
2021-03-02T22:25:01 1614723901 0
2021-03-02T22:30:01 1614724201 0
2021-03-02T22:35:01 1614724501 0
2021-03-02T22:40:01 1614724801 0
2021-03-02T22:45:01 1614725101 0
2021-03-02T22:50:02 1614725402 0
2021-03-02T22:55:02 1614725702 0
2021-03-02T23:00:02 1614726002 0
2021-03-02T23:05:01 1614726301 0
2021-03-02T23:10:01 1614726601 0
2021-03-02T23:15:01 1614726901 0
2021-03-02T23:20:01 1614727201 0
2021-03-02T23:25:02 1614727502 0
2021-03-02T23:30:01 1614727801 0
2021-03-02T23:35:01 1614728101 0
2021-03-02T23:40:02 1614728402 0
2021-03-02T23:45:02 1614728702 0
2021-03-02T23:50:01 1614729001 0
2021-03-02T23:55:01 1614729301 0
2021-03-03T00:00:02 1614729602 0
2021-03-03T00:05:02 1614729902 0
2021-03-03T00:10:01 1614730201 0
2021-03-03T00:15:01 1614730501 0
2021-03-03T00:20:02 1614730802 0
2021-03-03T00:25:01 1614731101 0
2021-03-03T00:30:01 1614731401 0
2021-03-03T00:35:01 1614731701 0
2021-03-03T00:40:01 1614732001 0
2021-03-03T00:45:02 1614732302 0
2021-03-03T00:50:02 1614732602 0
2021-03-03T00:55:01 1614732901 0
2021-03-03T01:00:02 1614733202 0
2021-03-03T01:05:01 1614733501 0
2021-03-03T01:10:01 1614733801 0
2021-03-03T01:15:01 1614734101 0
2021-03-03T01:20:01 1614734401 0
2021-03-03T01:25:01 1614734701 0
2021-03-03T01:30:01 1614735001 0
2021-03-03T01:35:01 1614735301 0
2021-03-03T01:40:02 1614735602 0
2021-03-03T01:45:01 1614735901 0
2021-03-03T01:50:01 1614736201 0
2021-03-03T01:55:01 1614736501 0
2021-03-03T02:00:01 1614736801 0
2021-03-03T02:05:01 1614737101 0
2021-03-03T02:10:01 1614737401 0
2021-03-03T02:15:01 1614737701 0
2021-03-03T02:20:01 1614738001 0
2021-03-03T02:25:02 1614738302 0
2021-03-03T02:30:01 1614738601 0
2021-03-03T02:35:01 1614738901 0
2021-03-03T02:40:01 1614739201 0
2021-03-03T02:45:01 1614739501 0
2021-03-03T02:50:02 1614739802 0
2021-03-03T02:55:02 1614740102 0
2021-03-03T03:00:01 1614740401 0
2021-03-03T03:05:02 1614740702 0
2021-03-03T03:10:01 1614741001 0
2021-03-03T03:15:01 1614741301 0
2021-03-03T03:20:01 1614741601 0
2021-03-03T03:25:02 1614741902 0
2021-03-03T03:30:01 1614742201 0
2021-03-03T03:35:01 1614742501 0
2021-03-03T03:40:01 1614742801 0
2021-03-03T03:45:01 1614743101 0
2021-03-03T03:50:01 1614743401 0
2021-03-03T03:55:01 1614743701 0
2021-03-03T04:00:01 1614744001 0
2021-03-03T04:05:01 1614744301 0
2021-03-03T04:10:02 1614744602 0
2021-03-03T04:15:01 1614744901 0
2021-03-03T04:20:01 1614745201 0
2021-03-03T04:25:01 1614745501 0
2021-03-03T04:30:02 1614745802 0
2021-03-03T04:35:02 1614746102 0
2021-03-03T04:40:01 1614746401 0
2021-03-03T04:45:01 1614746701 0
2021-03-03T04:50:01 1614747001 0
2021-03-03T04:55:02 1614747302 0
2021-03-03T05:00:01 1614747601 0
2021-03-03T05:05:02 1614747902 0
2021-03-03T05:10:01 1614748201 0
2021-03-03T05:15:01 1614748501 0
2021-03-03T05:20:01 1614748801 0
2021-03-03T05:25:02 1614749102 0
2021-03-03T05:30:01 1614749401 0
2021-03-03T05:35:01 1614749701 0
2021-03-03T05:40:01 1614750001 0
2021-03-03T05:45:01 1614750301 0
2021-03-03T05:50:01 1614750601 0
2021-03-03T05:55:01 1614750901 0
2021-03-03T06:00:02 1614751202 0
2021-03-03T06:05:02 1614751502 0
2021-03-03T06:10:02 1614751802 0
2021-03-03T06:15:01 1614752101 0
2021-03-03T06:20:01 1614752401 0
2021-03-03T06:25:02 1614752702 0
2021-03-03T06:30:01 1614753001 0
2021-03-03T06:35:02 1614753302 0
2021-03-03T06:40:02 1614753602 0
2021-03-03T06:45:01 1614753901 0
2021-03-03T06:50:01 1614754201 0
2021-03-03T06:55:01 1614754501 0
2021-03-03T07:00:01 1614754801 0
2021-03-03T07:05:02 1614755102 0
2021-03-03T07:10:01 1614755401 0
2021-03-03T07:15:01 1614755701 0
2021-03-03T07:20:01 1614756001 0
2021-03-03T07:25:01 1614756301 0
2021-03-03T07:30:01 1614756601 0
2021-03-03T07:35:02 1614756902 0
2021-03-03T07:40:02 1614757202 0
2021-03-03T07:45:02 1614757502 0
2021-03-03T07:50:02 1614757802 0
2021-03-03T07:55:01 1614758101 0
2021-03-03T08:00:01 1614758401 0
2021-03-03T08:05:01 1614758701 0
2021-03-03T08:10:01 1614759001 0
2021-03-03T08:15:01 1614759301 0
2021-03-03T08:20:02 1614759602 0
2021-03-03T08:25:01 1614759901 0
2021-03-03T08:30:01 1614760201 0
2021-03-03T08:35:01 1614760501 0
2021-03-03T08:40:01 1614760801 0
2021-03-03T08:45:01 1614761101 0
2021-03-03T08:50:02 1614761402 0
2021-03-03T08:55:01 1614761701 0
2021-03-03T09:00:01 1614762001 0
2021-03-03T09:05:01 1614762301 0
2021-03-03T09:10:02 1614762602 0
2021-03-03T09:15:01 1614762901 0
2021-03-03T09:20:01 1614763201 0
2021-03-03T09:25:02 1614763502 0
2021-03-03T09:30:02 1614763802 0
2021-03-03T09:35:01 1614764101 0
2021-03-03T09:40:02 1614764402 0
2021-03-03T09:45:01 1614764701 0
2021-03-03T09:50:02 1614765002 0
2021-03-03T09:55:01 1614765301 0
2021-03-03T10:00:02 1614765602 0
2021-03-03T10:05:01 1614765901 0
2021-03-03T10:10:02 1614766202 0
2021-03-03T10:15:01 1614766501 0
2021-03-03T10:20:02 1614766802 0
2021-03-03T10:25:01 1614767101 0
2021-03-03T10:30:01 1614767401 0
2021-03-03T10:35:02 1614767702 0
2021-03-03T10:40:01 1614768001 0
2021-03-03T10:45:01 1614768301 0
2021-03-03T10:50:02 1614768602 0
2021-03-03T10:55:02 1614768902 0
2021-03-03T11:00:01 1614769201 0
2021-03-03T11:05:01 1614769501 0
2021-03-03T11:10:01 1614769801 0
2021-03-03T11:15:02 1614770102 0
2021-03-03T11:20:02 1614770402 0
2021-03-03T11:25:02 1614770702 0
2021-03-03T11:30:02 1614771002 0
